

Microchip Technology PIC18 LITE Macro Assembler V1.35 build -356382666 
                                                                                               Wed Jan 20 21:52:20 2016

Microchip Technology Omniscient Code Generator v1.35 (Free mode) build 201507080246
     1                           	processor	18F14K50
     2                           	fnconf	rparam,??,?,0
     3                           	opt	pw 120
     4                           	opt	lm
     5                           	psect	cinit,global,reloc=2,class=CODE,delta=1
     6                           	psect	cstackCOMRAM,global,class=COMRAM,space=1,delta=1
     7                           	psect	text0,global,reloc=2,class=CODE,delta=1
     8                           	psect	intsave_regs,global,class=BIGRAM,space=1,delta=1
     9                           	psect	rparam,global,class=COMRAM,space=1,delta=1
    10  0000                     _LATCbits	set	3979
    11  0000                     _OSCCON	set	4051
    12  0000                     _TRISCbits	set	3988
    13                           
    14                           ; #config settings
    15  0000                     
    16                           	psect	cinit
    17  003FD0                     __pcinit:
    18                           	opt stack 0
    19  003FD0                     start_initialization:
    20                           	opt stack 0
    21  003FD0                     __initialization:
    22                           	opt stack 0
    23  003FD0                     end_of_initialization:
    24                           	opt stack 0
    25  003FD0                     __end_of__initialization:
    26                           	opt stack 0
    27  003FD0  0100               	movlb	0
    28  003FD2  EFEB  F01F         	goto	_main	;jump to C main() function
    29                           
    30                           	psect	cstackCOMRAM
    31  000001                     __pcstackCOMRAM:
    32                           	opt stack 0
    33  000001                     ??_main:
    34                           
    35                           ; 0 bytes @ 0x0
    36  000001                     	ds	1
    37                           
    38 ;;
    39 ;;Main: autosize = 0, tempsize = 1, incstack = 0, save=0
    40 ;;
    41 ;; *************** function _main *****************
    42 ;; Defined at:
    43 ;;		line 17 in file "main.c"
    44 ;; Parameters:    Size  Location     Type
    45 ;;		None
    46 ;; Auto vars:     Size  Location     Type
    47 ;;		None
    48 ;; Return value:  Size  Location     Type
    49 ;;		None               void
    50 ;; Registers used:
    51 ;;		wreg, status,2
    52 ;; Tracked objects:
    53 ;;		On entry : 0/0
    54 ;;		On exit  : 0/0
    55 ;;		Unchanged: 0/0
    56 ;; Data sizes:     COMRAM   BANK0   BANK1   BANK2
    57 ;;      Params:         0       0       0       0
    58 ;;      Locals:         0       0       0       0
    59 ;;      Temps:          1       0       0       0
    60 ;;      Totals:         1       0       0       0
    61 ;;Total ram usage:        1 bytes
    62 ;; This function calls:
    63 ;;		Nothing
    64 ;; This function is called by:
    65 ;;		Startup code after reset
    66 ;; This function uses a non-reentrant model
    67 ;;
    68                           
    69                           	psect	text0
    70  003FD6                     __ptext0:
    71                           	opt stack 0
    72  003FD6                     _main:
    73                           	opt stack 31
    74                           
    75                           ;main.c: 20: OSCCON = 0b01010010;
    76                           
    77                           ;incstack = 0
    78  003FD6  0E52               	movlw	82
    79  003FD8  6ED3               	movwf	4051,c	;volatile
    80                           
    81                           ;main.c: 23: LATCbits.LATC0 = 0;
    82  003FDA  908B               	bcf	3979,0,c	;volatile
    83                           
    84                           ;main.c: 24: TRISCbits.TRISC0 = 0;
    85  003FDC  9094               	bcf	3988,0,c	;volatile
    86  003FDE                     l618:
    87                           
    88                           ;main.c: 27: {
    89                           ;main.c: 28: LATCbits.LATC0 = 1;
    90  003FDE  808B               	bsf	3979,0,c	;volatile
    91                           
    92                           ;main.c: 29: _delay((unsigned long)((100)*(4000000/4000.0)));
    93  003FE0  0E82               	movlw	130
    94  003FE2  6E01               	movwf	??_main& (0+255),c
    95  003FE4  0EDE               	movlw	222
    96  003FE6                     u17:
    97  003FE6  2EE8               	decfsz	wreg,f,c
    98  003FE8  D7FE               	goto	u17
    99  003FEA  2E01               	decfsz	??_main& (0+255),f,c
   100  003FEC  D7FC               	goto	u17
   101                           
   102                           ;main.c: 30: LATCbits.LATC0 = 0;
   103  003FEE  908B               	bcf	3979,0,c	;volatile
   104                           
   105                           ;main.c: 31: _delay((unsigned long)((100)*(4000000/4000.0)));
   106  003FF0  0E82               	movlw	130
   107  003FF2  6E01               	movwf	??_main& (0+255),c
   108  003FF4  0EDE               	movlw	222
   109  003FF6                     u27:
   110  003FF6  2EE8               	decfsz	wreg,f,c
   111  003FF8  D7FE               	goto	u27
   112  003FFA  2E01               	decfsz	??_main& (0+255),f,c
   113  003FFC  D7FC               	goto	u27
   114  003FFE  D7EF               	goto	l618
   115  004000                     __end_of_main:
   116                           	opt stack 0
   117  0000                     wreg	equ	0xFE8
   118                           wreg	equ	0xFE8
   119                           
   120                           	psect	rparam
   121  0000                     wreg	equ	0xFE8


Data Sizes:
    Strings     0
    Constant    0
    Data        0
    BSS         0
    Persistent  0
    Stack       0

Auto Spaces:
    Space          Size  Autos    Used
    COMRAM           95      1       1
    BANK0           160      0       0
    BANK1           256      0       0
    BANK2           256      0       0

Pointer List with Targets:

    None.

Critical Paths under _main in COMRAM

    None.

Critical Paths under _main in BANK0

    None.

Critical Paths under _main in BANK1

    None.

Critical Paths under _main in BANK2

    None.

Call Graph Tables:

 ---------------------------------------------------------------------------------
 (Depth) Function   	        Calls       Base Space   Used Autos Params    Refs
 ---------------------------------------------------------------------------------
 (0) _main                                                 1     1      0       0
                                              0 COMRAM     1     1      0
 ---------------------------------------------------------------------------------
 Estimated maximum stack depth 0
 ---------------------------------------------------------------------------------

 Call Graph Graphs:

 _main (ROOT)

 Address spaces:
Name               Size   Autos  Total    Cost      Usage
BITCOMRAM           5F      0       0       0        0.0%
EEDATA             100      0       0       0        0.0%
NULL                 0      0       0       0        0.0%
CODE                 0      0       0       0        0.0%
COMRAM              5F      1       1       1        1.1%
STACK                0      0       0       2        0.0%
BITBANK0            A0      0       0       3        0.0%
BANK0               A0      0       0       4        0.0%
BANK1              100      0       0       5        0.0%
BITBANK2           100      0       0       6        0.0%
BANK2              100      0       0       7        0.0%
ABS                  0      0       0       8        0.0%
BITBANK1           100      0       0       9        0.0%
BIGRAM             2FF      0       0      10        0.0%
DATA                 0      0       0      11        0.0%
BITSFR_1             0      0       0      40        0.0%
SFR_1                0      0       0      40        0.0%
BITSFR               0      0       0      40        0.0%
SFR                  0      0       0      40        0.0%


Microchip Technology PIC18 Macro Assembler V1.35 build -356382666 
Symbol Table                                                                                   Wed Jan 20 21:52:20 2016

                     u17 3FE6                       u27 3FF6             __CFG_CP0$OFF 000000  
           __CFG_CP1$OFF 000000                      l618 3FDE             __CFG_CPB$OFF 000000  
                    wreg 000FE8             __CFG_LVP$OFF 000000                     _main 3FD6  
                   start 0000            __CFG_IESO$OFF 000000            __CFG_FOSC$IRC 000000  
           ___param_bank 000010            __CFG_PLLEN$ON 000000                    ?_main 0001  
         __CFG_BBSIZ$OFF 000000            __CFG_WRT0$OFF 000000            __CFG_WRT1$OFF 000000  
         __CFG_EBTR0$OFF 000000           __CFG_FCMEN$OFF 000000           __CFG_EBTR1$OFF 000000  
          __CFG_WRTB$OFF 000000            __CFG_WRTC$OFF 000000           __CFG_EBTRB$OFF 000000  
         __CFG_BOREN$OFF 000000           __CFG_MCLRE$OFF 000000          __initialization 3FD0  
           __end_of_main 4000                   ??_main 0001            __activetblptr 000000  
         __CFG_WDTEN$OFF 000000                   _OSCCON 000FD3           __CFG_XINST$OFF 000000  
         __CFG_STVREN$ON 000000          __CFG_HFOFST$OFF 000000               __accesstop 0060  
__end_of__initialization 3FD0            ___rparam_used 000001           __pcstackCOMRAM 0001  
        __CFG_USBDIV$OFF 000000          __CFG_PWRTEN$OFF 000000                  __Hparam 0000  
                __Lparam 0000                  __pcinit 3FD0                  __ramtop 0300  
                __ptext0 3FD6     end_of_initialization 3FD0                _TRISCbits 000F94  
    start_initialization 3FD0                 _LATCbits 000F8B                 __Hrparam 0000  
               __Lrparam 0000            __size_of_main 002A     __CFG_CPUDIV$NOCLKDIV 000000  
